SF:/mnt/dev-1/Development/google/dart/projects/json_object_lite/lib/json_object_lite.dart
DA:19,1
DA:29,1
DA:30,2
DA:31,1
DA:43,1
DA:45,3
DA:47,2
DA:49,1
DA:58,1
DA:59,1
DA:61,2
DA:63,1
DA:69,2
DA:70,1
DA:98,3
DA:105,2
DA:106,1
DA:108,2
DA:124,1
DA:125,2
DA:128,2
DA:130,2
DA:131,1
DA:132,1
DA:134,2
DA:138,2
DA:139,1
DA:140,3
DA:142,1
DA:146,2
DA:147,3
DA:148,3
DA:149,3
DA:150,1
DA:165,1
DA:167,1
DA:168,1
DA:170,2
DA:171,1
DA:173,1
DA:176,1
DA:180,3
DA:182,1
DA:183,1
DA:185,1
DA:186,1
DA:188,2
DA:197,1
DA:199,1
DA:200,4
DA:203,3
DA:206,1
DA:208,2
DA:216,2
DA:218,2
DA:220,2
DA:222,2
DA:225,2
DA:228,2
DA:231,2
DA:233,2
DA:236,2
DA:238,2
DA:241,2
DA:244,2
DA:246,2
DA:249,2
DA:251,2
DA:254,2
DA:257,2
DA:259,2
DA:261,2
DA:263,2
DA:265,2
DA:267,2
DA:269,2
DA:276,2
DA:280,3
DA:284,2
DA:287,2
DA:291,2
DA:294,2
DA:297,2
DA:300,2
DA:303,2
DA:306,2
DA:317,3
DA:319,2
DA:321,1
DA:330,3
DA:331,2
DA:333,1
DA:342,3
DA:343,2
DA:345,1
DA:352,2
DA:353,2
DA:355,1
DA:362,1
DA:363,1
DA:364,1
DA:365,1
end_of_record
