SF:/mnt/dev-1/Development/google/dart/projects/json_object_lite/lib/json_object_lite.dart
DA:19,1
DA:30,1
DA:31,2
DA:32,1
DA:45,1
DA:47,3
DA:49,2
DA:51,1
DA:61,1
DA:62,1
DA:64,2
DA:66,1
DA:72,2
DA:73,1
DA:74,1
DA:99,1
DA:101,1
DA:111,3
DA:118,2
DA:119,1
DA:121,2
DA:137,1
DA:138,2
DA:141,2
DA:143,2
DA:144,1
DA:145,1
DA:147,2
DA:151,2
DA:152,1
DA:153,3
DA:155,1
DA:159,2
DA:160,3
DA:161,3
DA:162,3
DA:163,1
DA:178,1
DA:180,1
DA:181,1
DA:183,2
DA:184,1
DA:186,1
DA:189,1
DA:193,3
DA:195,1
DA:196,1
DA:198,1
DA:199,1
DA:201,2
DA:210,1
DA:212,1
DA:213,4
DA:216,3
DA:219,1
DA:221,2
DA:229,2
DA:231,2
DA:233,2
DA:235,2
DA:238,2
DA:241,2
DA:244,2
DA:246,2
DA:249,2
DA:251,2
DA:254,2
DA:257,2
DA:259,2
DA:262,2
DA:264,2
DA:267,2
DA:270,2
DA:272,2
DA:274,2
DA:276,2
DA:278,2
DA:280,2
DA:282,2
DA:289,2
DA:293,3
DA:297,2
DA:300,2
DA:304,2
DA:307,2
DA:310,2
DA:313,2
DA:316,2
DA:319,2
DA:330,3
DA:332,2
DA:334,1
DA:343,3
DA:344,2
DA:346,1
DA:355,3
DA:356,2
DA:358,1
DA:365,2
DA:366,2
DA:368,1
DA:375,1
DA:376,1
DA:377,1
DA:378,1
end_of_record
